tasm version 4.1.0
Command: tasm -d ../stasm/MOD_1/ ../tasm/shapes/hands.shape
Reading ../tasm/shapes/hands.shape: 40 shapes
Using all 40 shapes matching mask 0x700 0x0 (0000 ... 0069)
(Mask0 0x700 is BadImg Cropped Obscured)
--- Generating the shape model ---
Reference shape 0000 is at index 0 and has 56 landmarks
Mean shape outermost points (27,55) angle -6.97 degrees
Do not know how to convert a 56 point shape to a 17 point face...
99% percent variance is explained by the first 10 shape eigs: 63 17 8 4 2 2 1 1 0 0%
Generating mean shape aligned to the facedets 
    no facedets in the shapefile
0000:Open /home/fran/Escritorio/Pruebas/all/images/0000.jpg 
Open ../data/../tasm/landtab/hands_toy.xml

    0000: found face in the image... 
Do not know how to convert a 56 point shape to a 17 point face...


Generating ../stasm/MOD_1/log/facedet.shape 
0001:Open /home/fran/Escritorio/Pruebas/all/images/0001.jpg

    0001: found face in the image... 
Do not know how to convert a 56 point shape to a 17 point face...

0002:Open /home/fran/Escritorio/Pruebas/all/images/0002.jpg

    0002: found face in the image... 
Do not know how to convert a 56 point shape to a 17 point face...

0003:Open /home/fran/Escritorio/Pruebas/all/images/0003.jpg

    0003: found face in the image... 
Do not know how to convert a 56 point shape to a 17 point face...

0004:Open /home/fran/Escritorio/Pruebas/all/images/0004.jpg

    0004: found face in the image... 
Do not know how to convert a 56 point shape to a 17 point face...

0005:Open /home/fran/Escritorio/Pruebas/all/images/0005.jpg

    0005: found face in the image... 
Do not know how to convert a 56 point shape to a 17 point face...

0006:Open /home/fran/Escritorio/Pruebas/all/images/0006.jpg

    0006: found face in the image... 
Do not know how to convert a 56 point shape to a 17 point face...

0007:Open /home/fran/Escritorio/Pruebas/all/images/0007.jpg

    0007: found face in the image... 
Do not know how to convert a 56 point shape to a 17 point face...

0008:Open /home/fran/Escritorio/Pruebas/all/images/0008.jpg

    0008: found face in the image... 
Do not know how to convert a 56 point shape to a 17 point face...

0009:Open /home/fran/Escritorio/Pruebas/all/images/0009.jpg

    0009: found face in the image... 
Do not know how to convert a 56 point shape to a 17 point face...

0020:Open /home/fran/Escritorio/Pruebas/all/images/0020.jpg

    0020: found face in the image... 
Do not know how to convert a 56 point shape to a 17 point face...

0021:Open /home/fran/Escritorio/Pruebas/all/images/0021.jpg

    0021: found face in the image... 
Do not know how to convert a 56 point shape to a 17 point face...

0022:Open /home/fran/Escritorio/Pruebas/all/images/0022.jpg

    0022: found face in the image... 
Do not know how to convert a 56 point shape to a 17 point face...

0023:Open /home/fran/Escritorio/Pruebas/all/images/0023.jpg

    0023: found face in the image... 
Do not know how to convert a 56 point shape to a 17 point face...

0024:Open /home/fran/Escritorio/Pruebas/all/images/0024.jpg

    0024: found face in the image... 
Do not know how to convert a 56 point shape to a 17 point face...

0025:Open /home/fran/Escritorio/Pruebas/all/images/0025.jpg

    0025: found face in the image... 
Do not know how to convert a 56 point shape to a 17 point face...

0026:Open /home/fran/Escritorio/Pruebas/all/images/0026.jpg

    0026: found face in the image... 
Do not know how to convert a 56 point shape to a 17 point face...

0027:Open /home/fran/Escritorio/Pruebas/all/images/0027.jpg

    0027: found face in the image... 
Do not know how to convert a 56 point shape to a 17 point face...

0028:Open /home/fran/Escritorio/Pruebas/all/images/0028.jpg

    0028: found face in the image... 
Do not know how to convert a 56 point shape to a 17 point face...

0029:Open /home/fran/Escritorio/Pruebas/all/images/0029.jpg

    0029: found face in the image... 
Do not know how to convert a 56 point shape to a 17 point face...

0040:Open /home/fran/Escritorio/Pruebas/all/images/0040.jpg

    0040: found face in the image... 
Do not know how to convert a 56 point shape to a 17 point face...

0041:Open /home/fran/Escritorio/Pruebas/all/images/0041.jpg

    0041: found face in the image... 
Do not know how to convert a 56 point shape to a 17 point face...

0042:Open /home/fran/Escritorio/Pruebas/all/images/0042.jpg

    0042: found face in the image... 
Do not know how to convert a 56 point shape to a 17 point face...

0043:Open /home/fran/Escritorio/Pruebas/all/images/0043.jpg

    0043: found face in the image... 
Do not know how to convert a 56 point shape to a 17 point face...

0044:Open /home/fran/Escritorio/Pruebas/all/images/0044.jpg

    0044: found face in the image... 
Do not know how to convert a 56 point shape to a 17 point face...

0045:Open /home/fran/Escritorio/Pruebas/all/images/0045.jpg

    0045: found face in the image... 
Do not know how to convert a 56 point shape to a 17 point face...

0046:Open /home/fran/Escritorio/Pruebas/all/images/0046.jpg

    0046: found face in the image... 
Do not know how to convert a 56 point shape to a 17 point face...

0047:Open /home/fran/Escritorio/Pruebas/all/images/0047.jpg

    0047: found face in the image... 
Do not know how to convert a 56 point shape to a 17 point face...

0048:Open /home/fran/Escritorio/Pruebas/all/images/0048.jpg

    0048: found face in the image... 
Do not know how to convert a 56 point shape to a 17 point face...

0049:Open /home/fran/Escritorio/Pruebas/all/images/0049.jpg

    0049: found face in the image... 
Do not know how to convert a 56 point shape to a 17 point face...

0060:Open /home/fran/Escritorio/Pruebas/all/images/0060.jpg

    0060: found face in the image... 
Do not know how to convert a 56 point shape to a 17 point face...

0061:Open /home/fran/Escritorio/Pruebas/all/images/0061.jpg

    0061: found face in the image... 
Do not know how to convert a 56 point shape to a 17 point face...

0062:Open /home/fran/Escritorio/Pruebas/all/images/0062.jpg

    0062: found face in the image... 
Do not know how to convert a 56 point shape to a 17 point face...

0063:Open /home/fran/Escritorio/Pruebas/all/images/0063.jpg

    0063: found face in the image... 
Do not know how to convert a 56 point shape to a 17 point face...

0064:Open /home/fran/Escritorio/Pruebas/all/images/0064.jpg

    0064: found face in the image... 
Do not know how to convert a 56 point shape to a 17 point face...

0065:Open /home/fran/Escritorio/Pruebas/all/images/0065.jpg

    0065: found face in the image... 
Do not know how to convert a 56 point shape to a 17 point face...

0066:Open /home/fran/Escritorio/Pruebas/all/images/0066.jpg

    0066: found face in the image... 
Do not know how to convert a 56 point shape to a 17 point face...

0067:Open /home/fran/Escritorio/Pruebas/all/images/0067.jpg

    0067: found face in the image... 
Do not know how to convert a 56 point shape to a 17 point face...

0068:Open /home/fran/Escritorio/Pruebas/all/images/0068.jpg

    0068: found face in the image... 
Do not know how to convert a 56 point shape to a 17 point face...

0069:Open /home/fran/Escritorio/Pruebas/all/images/0069.jpg

    0069: found face in the image... 
Do not know how to convert a 56 point shape to a 17 point face...

Done generating mean shape aligned to the facedets
    40 faces detected (100.00%), 0 facedets in the shapefile, 40 facedets in the images
    0 facedet false positives, 0 shapes with missing landmarks
    40 faces actually used (valid facedet and all points) (100.00% of the shapes in the shapefile)
Generating ../stasm/MOD_1/mh/yaw00_shapemodel.mh
[0.6 secs to generate the shape model]
Open /home/fran/Escritorio/Pruebas/all/images/0000.jpg
--- Generating images for manual checking the 56 point landmark table ---
    ../stasm/MOD_1/log/landmark00.bmp...
    ../stasm/MOD_1/log/landmark01.bmp...
    ../stasm/MOD_1/log/landmark02.bmp...
    ../stasm/MOD_1/log/landmark03.bmp...
    ../stasm/MOD_1/log/landmark04.bmp...
    ../stasm/MOD_1/log/landmark05.bmp...
    ../stasm/MOD_1/log/landmark06.bmp...
    ../stasm/MOD_1/log/landmark07.bmp...
    ../stasm/MOD_1/log/landmark08.bmp...
    ../stasm/MOD_1/log/landmark09.bmp...
    ../stasm/MOD_1/log/landmark10.bmp...
    ../stasm/MOD_1/log/landmark11.bmp...
    ../stasm/MOD_1/log/landmark12.bmp...
    ../stasm/MOD_1/log/landmark13.bmp...
    ../stasm/MOD_1/log/landmark14.bmp...
    ../stasm/MOD_1/log/landmark15.bmp...
    ../stasm/MOD_1/log/landmark16.bmp...
    ../stasm/MOD_1/log/landmark17.bmp...
    ../stasm/MOD_1/log/landmark18.bmp...
    ../stasm/MOD_1/log/landmark19.bmp...
    ../stasm/MOD_1/log/landmark20.bmp...
    ../stasm/MOD_1/log/landmark21.bmp...
    ../stasm/MOD_1/log/landmark22.bmp...
    ../stasm/MOD_1/log/landmark23.bmp...
    ../stasm/MOD_1/log/landmark24.bmp...
    ../stasm/MOD_1/log/landmark25.bmp...
    ../stasm/MOD_1/log/landmark26.bmp...
    ../stasm/MOD_1/log/landmark27.bmp...
    ../stasm/MOD_1/log/landmark28.bmp...
    ../stasm/MOD_1/log/landmark29.bmp...
    ../stasm/MOD_1/log/landmark30.bmp...
    ../stasm/MOD_1/log/landmark31.bmp...
    ../stasm/MOD_1/log/landmark32.bmp...
    ../stasm/MOD_1/log/landmark33.bmp...
    ../stasm/MOD_1/log/landmark34.bmp...
    ../stasm/MOD_1/log/landmark35.bmp...
    ../stasm/MOD_1/log/landmark36.bmp...
    ../stasm/MOD_1/log/landmark37.bmp...
    ../stasm/MOD_1/log/landmark38.bmp...
    ../stasm/MOD_1/log/landmark39.bmp...
    ../stasm/MOD_1/log/landmark40.bmp...
    ../stasm/MOD_1/log/landmark41.bmp...
    ../stasm/MOD_1/log/landmark42.bmp...
    ../stasm/MOD_1/log/landmark43.bmp...
    ../stasm/MOD_1/log/landmark44.bmp...
    ../stasm/MOD_1/log/landmark45.bmp...
    ../stasm/MOD_1/log/landmark46.bmp...
    ../stasm/MOD_1/log/landmark47.bmp...
    ../stasm/MOD_1/log/landmark48.bmp...
    ../stasm/MOD_1/log/landmark49.bmp...
    ../stasm/MOD_1/log/landmark50.bmp...
    ../stasm/MOD_1/log/landmark51.bmp...
    ../stasm/MOD_1/log/landmark52.bmp...
    ../stasm/MOD_1/log/landmark53.bmp...
    ../stasm/MOD_1/log/landmark54.bmp...
    ../stasm/MOD_1/log/landmark55.bmp...
    ../stasm/MOD_1/log/meanshape.bmp

Do not know how to convert a 56 point shape to a 17 point face...
    ../stasm/MOD_1/log/shape_all56.bmp

Do not know how to convert a 56 point shape to a 17 point face...
No points have partners in the 56 point landmark table
--- Generating yaw00.mh from the landmark table ---
Generating ../stasm/MOD_1/mh/yaw00.mh
--- Generating the descriptor models from 40 shapes ---
Pyramid level 0 reading 40 training images 
Open /home/fran/Escritorio/Pruebas/all/images/0000.jpg

Do not know how to convert a 56 point shape to a 17 point face...
Open /home/fran/Escritorio/Pruebas/all/images/0001.jpg

Do not know how to convert a 56 point shape to a 17 point face...
Open /home/fran/Escritorio/Pruebas/all/images/0002.jpg

Do not know how to convert a 56 point shape to a 17 point face...
Open /home/fran/Escritorio/Pruebas/all/images/0003.jpg

Do not know how to convert a 56 point shape to a 17 point face...
Open /home/fran/Escritorio/Pruebas/all/images/0004.jpg

Do not know how to convert a 56 point shape to a 17 point face...
Open /home/fran/Escritorio/Pruebas/all/images/0005.jpg

Do not know how to convert a 56 point shape to a 17 point face...
Open /home/fran/Escritorio/Pruebas/all/images/0006.jpg

Do not know how to convert a 56 point shape to a 17 point face...
Open /home/fran/Escritorio/Pruebas/all/images/0007.jpg

Do not know how to convert a 56 point shape to a 17 point face...
Open /home/fran/Escritorio/Pruebas/all/images/0008.jpg

Do not know how to convert a 56 point shape to a 17 point face...
Open /home/fran/Escritorio/Pruebas/all/images/0009.jpg

Do not know how to convert a 56 point shape to a 17 point face...
Open /home/fran/Escritorio/Pruebas/all/images/0020.jpg

Do not know how to convert a 56 point shape to a 17 point face...
Open /home/fran/Escritorio/Pruebas/all/images/0021.jpg

Do not know how to convert a 56 point shape to a 17 point face...
Open /home/fran/Escritorio/Pruebas/all/images/0022.jpg

Do not know how to convert a 56 point shape to a 17 point face...
Open /home/fran/Escritorio/Pruebas/all/images/0023.jpg

Do not know how to convert a 56 point shape to a 17 point face...
Open /home/fran/Escritorio/Pruebas/all/images/0024.jpg

Do not know how to convert a 56 point shape to a 17 point face...
Open /home/fran/Escritorio/Pruebas/all/images/0025.jpg

Do not know how to convert a 56 point shape to a 17 point face...
Open /home/fran/Escritorio/Pruebas/all/images/0026.jpg

Do not know how to convert a 56 point shape to a 17 point face...
Open /home/fran/Escritorio/Pruebas/all/images/0027.jpg

Do not know how to convert a 56 point shape to a 17 point face...
Open /home/fran/Escritorio/Pruebas/all/images/0028.jpg

Do not know how to convert a 56 point shape to a 17 point face...
Open /home/fran/Escritorio/Pruebas/all/images/0029.jpg

Do not know how to convert a 56 point shape to a 17 point face...
Open /home/fran/Escritorio/Pruebas/all/images/0040.jpg

Do not know how to convert a 56 point shape to a 17 point face...
Open /home/fran/Escritorio/Pruebas/all/images/0041.jpg

Do not know how to convert a 56 point shape to a 17 point face...
Open /home/fran/Escritorio/Pruebas/all/images/0042.jpg

Do not know how to convert a 56 point shape to a 17 point face...
Open /home/fran/Escritorio/Pruebas/all/images/0043.jpg

Do not know how to convert a 56 point shape to a 17 point face...
Open /home/fran/Escritorio/Pruebas/all/images/0044.jpg

Do not know how to convert a 56 point shape to a 17 point face...
Open /home/fran/Escritorio/Pruebas/all/images/0045.jpg

Do not know how to convert a 56 point shape to a 17 point face...
Open /home/fran/Escritorio/Pruebas/all/images/0046.jpg

Do not know how to convert a 56 point shape to a 17 point face...
Open /home/fran/Escritorio/Pruebas/all/images/0047.jpg

Do not know how to convert a 56 point shape to a 17 point face...
Open /home/fran/Escritorio/Pruebas/all/images/0048.jpg

Do not know how to convert a 56 point shape to a 17 point face...
Open /home/fran/Escritorio/Pruebas/all/images/0049.jpg

Do not know how to convert a 56 point shape to a 17 point face...
Open /home/fran/Escritorio/Pruebas/all/images/0060.jpg

Do not know how to convert a 56 point shape to a 17 point face...
Open /home/fran/Escritorio/Pruebas/all/images/0061.jpg

Do not know how to convert a 56 point shape to a 17 point face...
Open /home/fran/Escritorio/Pruebas/all/images/0062.jpg

Do not know how to convert a 56 point shape to a 17 point face...
Open /home/fran/Escritorio/Pruebas/all/images/0063.jpg

Do not know how to convert a 56 point shape to a 17 point face...
Open /home/fran/Escritorio/Pruebas/all/images/0064.jpg

Do not know how to convert a 56 point shape to a 17 point face...
Open /home/fran/Escritorio/Pruebas/all/images/0065.jpg

Do not know how to convert a 56 point shape to a 17 point face...
Open /home/fran/Escritorio/Pruebas/all/images/0066.jpg

Do not know how to convert a 56 point shape to a 17 point face...
Open /home/fran/Escritorio/Pruebas/all/images/0067.jpg

Do not know how to convert a 56 point shape to a 17 point face...
Open /home/fran/Escritorio/Pruebas/all/images/0068.jpg

Do not know how to convert a 56 point shape to a 17 point face...
Open /home/fran/Escritorio/Pruebas/all/images/0069.jpg

Do not know how to convert a 56 point shape to a 17 point face...
[0.7 secs]
Generating pyramid level 0 models 
Generating ../stasm/MOD_1/mh/yaw00_lev0_p00_classic.mh...

Generating ../stasm/MOD_1/mh/yaw00_lev0_p01_classic.mh...

Generating ../stasm/MOD_1/mh/yaw00_lev0_p02_classic.mh...

Generating ../stasm/MOD_1/mh/yaw00_lev0_p03_classic.mh...

Generating ../stasm/MOD_1/mh/yaw00_lev0_p04_classic.mh...

Generating ../stasm/MOD_1/mh/yaw00_lev0_p05_classic.mh...

Generating ../stasm/MOD_1/mh/yaw00_lev0_p06_classic.mh...

Generating ../stasm/MOD_1/mh/yaw00_lev0_p07_classic.mh...

Generating ../stasm/MOD_1/mh/yaw00_lev0_p08_classic.mh...

Generating ../stasm/MOD_1/mh/yaw00_lev0_p09_classic.mh...

Generating ../stasm/MOD_1/mh/yaw00_lev0_p10_classic.mh...

Generating ../stasm/MOD_1/mh/yaw00_lev0_p11_classic.mh...

Generating ../stasm/MOD_1/mh/yaw00_lev0_p12_classic.mh...

Generating ../stasm/MOD_1/mh/yaw00_lev0_p13_classic.mh...

Generating ../stasm/MOD_1/mh/yaw00_lev0_p14_classic.mh...

Generating ../stasm/MOD_1/mh/yaw00_lev0_p15_classic.mh...

Generating ../stasm/MOD_1/mh/yaw00_lev0_p16_classic.mh...

Generating ../stasm/MOD_1/mh/yaw00_lev0_p17_classic.mh...

Generating ../stasm/MOD_1/mh/yaw00_lev0_p18_classic.mh...

Generating ../stasm/MOD_1/mh/yaw00_lev0_p19_classic.mh...

Generating ../stasm/MOD_1/mh/yaw00_lev0_p20_classic.mh...

Generating ../stasm/MOD_1/mh/yaw00_lev0_p21_classic.mh...

Generating ../stasm/MOD_1/mh/yaw00_lev0_p22_classic.mh...

Generating ../stasm/MOD_1/mh/yaw00_lev0_p23_classic.mh...

Generating ../stasm/MOD_1/mh/yaw00_lev0_p24_classic.mh...

Generating ../stasm/MOD_1/mh/yaw00_lev0_p25_classic.mh...

Generating ../stasm/MOD_1/mh/yaw00_lev0_p26_classic.mh...

Generating ../stasm/MOD_1/mh/yaw00_lev0_p27_classic.mh...

Generating ../stasm/MOD_1/mh/yaw00_lev0_p28_classic.mh...

Generating ../stasm/MOD_1/mh/yaw00_lev0_p29_classic.mh...

Generating ../stasm/MOD_1/mh/yaw00_lev0_p30_classic.mh...

Generating ../stasm/MOD_1/mh/yaw00_lev0_p31_classic.mh...

Generating ../stasm/MOD_1/mh/yaw00_lev0_p32_classic.mh...

Generating ../stasm/MOD_1/mh/yaw00_lev0_p33_classic.mh...

Generating ../stasm/MOD_1/mh/yaw00_lev0_p34_classic.mh...

Generating ../stasm/MOD_1/mh/yaw00_lev0_p35_classic.mh...

Generating ../stasm/MOD_1/mh/yaw00_lev0_p36_classic.mh...

Generating ../stasm/MOD_1/mh/yaw00_lev0_p37_classic.mh...

Generating ../stasm/MOD_1/mh/yaw00_lev0_p38_classic.mh...

Generating ../stasm/MOD_1/mh/yaw00_lev0_p39_classic.mh...

Generating ../stasm/MOD_1/mh/yaw00_lev0_p40_classic.mh...

Generating ../stasm/MOD_1/mh/yaw00_lev0_p41_classic.mh...

Generating ../stasm/MOD_1/mh/yaw00_lev0_p42_classic.mh...

Generating ../stasm/MOD_1/mh/yaw00_lev0_p43_classic.mh...

Generating ../stasm/MOD_1/mh/yaw00_lev0_p44_classic.mh...

Generating ../stasm/MOD_1/mh/yaw00_lev0_p45_classic.mh...

Generating ../stasm/MOD_1/mh/yaw00_lev0_p46_classic.mh...

Generating ../stasm/MOD_1/mh/yaw00_lev0_p47_classic.mh...

Generating ../stasm/MOD_1/mh/yaw00_lev0_p48_classic.mh...

Generating ../stasm/MOD_1/mh/yaw00_lev0_p49_classic.mh...

Generating ../stasm/MOD_1/mh/yaw00_lev0_p50_classic.mh...

Generating ../stasm/MOD_1/mh/yaw00_lev0_p51_classic.mh...

Generating ../stasm/MOD_1/mh/yaw00_lev0_p52_classic.mh...

Generating ../stasm/MOD_1/mh/yaw00_lev0_p53_classic.mh...

Generating ../stasm/MOD_1/mh/yaw00_lev0_p54_classic.mh...

Generating ../stasm/MOD_1/mh/yaw00_lev0_p55_classic.mh...
 [0.1 secs]
Pyramid level 1 reading 40 training images 
Open /home/fran/Escritorio/Pruebas/all/images/0000.jpg

Do not know how to convert a 56 point shape to a 17 point face...
Open /home/fran/Escritorio/Pruebas/all/images/0001.jpg

Do not know how to convert a 56 point shape to a 17 point face...
Open /home/fran/Escritorio/Pruebas/all/images/0002.jpg

Do not know how to convert a 56 point shape to a 17 point face...
Open /home/fran/Escritorio/Pruebas/all/images/0003.jpg

Do not know how to convert a 56 point shape to a 17 point face...
Open /home/fran/Escritorio/Pruebas/all/images/0004.jpg

Do not know how to convert a 56 point shape to a 17 point face...
Open /home/fran/Escritorio/Pruebas/all/images/0005.jpg

Do not know how to convert a 56 point shape to a 17 point face...
Open /home/fran/Escritorio/Pruebas/all/images/0006.jpg

Do not know how to convert a 56 point shape to a 17 point face...
Open /home/fran/Escritorio/Pruebas/all/images/0007.jpg

Do not know how to convert a 56 point shape to a 17 point face...
Open /home/fran/Escritorio/Pruebas/all/images/0008.jpg

Do not know how to convert a 56 point shape to a 17 point face...
Open /home/fran/Escritorio/Pruebas/all/images/0009.jpg

Do not know how to convert a 56 point shape to a 17 point face...
Open /home/fran/Escritorio/Pruebas/all/images/0020.jpg

Do not know how to convert a 56 point shape to a 17 point face...
Open /home/fran/Escritorio/Pruebas/all/images/0021.jpg

Do not know how to convert a 56 point shape to a 17 point face...
Open /home/fran/Escritorio/Pruebas/all/images/0022.jpg

Do not know how to convert a 56 point shape to a 17 point face...
Open /home/fran/Escritorio/Pruebas/all/images/0023.jpg

Do not know how to convert a 56 point shape to a 17 point face...
Open /home/fran/Escritorio/Pruebas/all/images/0024.jpg

Do not know how to convert a 56 point shape to a 17 point face...
Open /home/fran/Escritorio/Pruebas/all/images/0025.jpg

Do not know how to convert a 56 point shape to a 17 point face...
no more prints of the above message (printed == 100)
Open /home/fran/Escritorio/Pruebas/all/images/0026.jpg
Open /home/fran/Escritorio/Pruebas/all/images/0027.jpg
Open /home/fran/Escritorio/Pruebas/all/images/0028.jpg
Open /home/fran/Escritorio/Pruebas/all/images/0029.jpg
Open /home/fran/Escritorio/Pruebas/all/images/0040.jpg
Open /home/fran/Escritorio/Pruebas/all/images/0041.jpg
Open /home/fran/Escritorio/Pruebas/all/images/0042.jpg
Open /home/fran/Escritorio/Pruebas/all/images/0043.jpg
Open /home/fran/Escritorio/Pruebas/all/images/0044.jpg
Open /home/fran/Escritorio/Pruebas/all/images/0045.jpg
Open /home/fran/Escritorio/Pruebas/all/images/0046.jpg
Open /home/fran/Escritorio/Pruebas/all/images/0047.jpg
Open /home/fran/Escritorio/Pruebas/all/images/0048.jpg
Open /home/fran/Escritorio/Pruebas/all/images/0049.jpg
Open /home/fran/Escritorio/Pruebas/all/images/0060.jpg
Open /home/fran/Escritorio/Pruebas/all/images/0061.jpg
Open /home/fran/Escritorio/Pruebas/all/images/0062.jpg
Open /home/fran/Escritorio/Pruebas/all/images/0063.jpg
Open /home/fran/Escritorio/Pruebas/all/images/0064.jpg
Open /home/fran/Escritorio/Pruebas/all/images/0065.jpg
Open /home/fran/Escritorio/Pruebas/all/images/0066.jpg
Open /home/fran/Escritorio/Pruebas/all/images/0067.jpg
Open /home/fran/Escritorio/Pruebas/all/images/0068.jpg
Open /home/fran/Escritorio/Pruebas/all/images/0069.jpg
[0.3 secs]
Generating pyramid level 1 models 
Generating ../stasm/MOD_1/mh/yaw00_lev1_p00_classic.mh...

Generating ../stasm/MOD_1/mh/yaw00_lev1_p01_classic.mh...

Generating ../stasm/MOD_1/mh/yaw00_lev1_p02_classic.mh...

Generating ../stasm/MOD_1/mh/yaw00_lev1_p03_classic.mh...

Generating ../stasm/MOD_1/mh/yaw00_lev1_p04_classic.mh...

Generating ../stasm/MOD_1/mh/yaw00_lev1_p05_classic.mh...

Generating ../stasm/MOD_1/mh/yaw00_lev1_p06_classic.mh...

Generating ../stasm/MOD_1/mh/yaw00_lev1_p07_classic.mh...

Generating ../stasm/MOD_1/mh/yaw00_lev1_p08_classic.mh...

Generating ../stasm/MOD_1/mh/yaw00_lev1_p09_classic.mh...

Generating ../stasm/MOD_1/mh/yaw00_lev1_p10_classic.mh...

Generating ../stasm/MOD_1/mh/yaw00_lev1_p11_classic.mh...

Generating ../stasm/MOD_1/mh/yaw00_lev1_p12_classic.mh...

Generating ../stasm/MOD_1/mh/yaw00_lev1_p13_classic.mh...

Generating ../stasm/MOD_1/mh/yaw00_lev1_p14_classic.mh...

Generating ../stasm/MOD_1/mh/yaw00_lev1_p15_classic.mh...

Generating ../stasm/MOD_1/mh/yaw00_lev1_p16_classic.mh...

Generating ../stasm/MOD_1/mh/yaw00_lev1_p17_classic.mh...

Generating ../stasm/MOD_1/mh/yaw00_lev1_p18_classic.mh...

Generating ../stasm/MOD_1/mh/yaw00_lev1_p19_classic.mh...

Generating ../stasm/MOD_1/mh/yaw00_lev1_p20_classic.mh...

Generating ../stasm/MOD_1/mh/yaw00_lev1_p21_classic.mh...

Generating ../stasm/MOD_1/mh/yaw00_lev1_p22_classic.mh...

Generating ../stasm/MOD_1/mh/yaw00_lev1_p23_classic.mh...

Generating ../stasm/MOD_1/mh/yaw00_lev1_p24_classic.mh...

Generating ../stasm/MOD_1/mh/yaw00_lev1_p25_classic.mh...

Generating ../stasm/MOD_1/mh/yaw00_lev1_p26_classic.mh...

Generating ../stasm/MOD_1/mh/yaw00_lev1_p27_classic.mh...

Generating ../stasm/MOD_1/mh/yaw00_lev1_p28_classic.mh...

Generating ../stasm/MOD_1/mh/yaw00_lev1_p29_classic.mh...

Generating ../stasm/MOD_1/mh/yaw00_lev1_p30_classic.mh...

Generating ../stasm/MOD_1/mh/yaw00_lev1_p31_classic.mh...

Generating ../stasm/MOD_1/mh/yaw00_lev1_p32_classic.mh...

Generating ../stasm/MOD_1/mh/yaw00_lev1_p33_classic.mh...

Generating ../stasm/MOD_1/mh/yaw00_lev1_p34_classic.mh...

Generating ../stasm/MOD_1/mh/yaw00_lev1_p35_classic.mh...

Generating ../stasm/MOD_1/mh/yaw00_lev1_p36_classic.mh...

Generating ../stasm/MOD_1/mh/yaw00_lev1_p37_classic.mh...

Generating ../stasm/MOD_1/mh/yaw00_lev1_p38_classic.mh...

Generating ../stasm/MOD_1/mh/yaw00_lev1_p39_classic.mh...

Generating ../stasm/MOD_1/mh/yaw00_lev1_p40_classic.mh...

Generating ../stasm/MOD_1/mh/yaw00_lev1_p41_classic.mh...

Generating ../stasm/MOD_1/mh/yaw00_lev1_p42_classic.mh...
no more prints of the above message (printed == 100)
 [0.0 secs]
Pyramid level 2 reading 40 training images 
Open /home/fran/Escritorio/Pruebas/all/images/0000.jpg
Open /home/fran/Escritorio/Pruebas/all/images/0001.jpg
Open /home/fran/Escritorio/Pruebas/all/images/0002.jpg
Open /home/fran/Escritorio/Pruebas/all/images/0003.jpg
Open /home/fran/Escritorio/Pruebas/all/images/0004.jpg
Open /home/fran/Escritorio/Pruebas/all/images/0005.jpg
Open /home/fran/Escritorio/Pruebas/all/images/0006.jpg
Open /home/fran/Escritorio/Pruebas/all/images/0007.jpg
Open /home/fran/Escritorio/Pruebas/all/images/0008.jpg
Open /home/fran/Escritorio/Pruebas/all/images/0009.jpg
Open /home/fran/Escritorio/Pruebas/all/images/0020.jpg
Open /home/fran/Escritorio/Pruebas/all/images/0021.jpg
Open /home/fran/Escritorio/Pruebas/all/images/0022.jpg
Open /home/fran/Escritorio/Pruebas/all/images/0023.jpg
Open /home/fran/Escritorio/Pruebas/all/images/0024.jpg
Open /home/fran/Escritorio/Pruebas/all/images/0025.jpg
Open /home/fran/Escritorio/Pruebas/all/images/0026.jpg
Open /home/fran/Escritorio/Pruebas/all/images/0027.jpg
Open /home/fran/Escritorio/Pruebas/all/images/0028.jpg
Open /home/fran/Escritorio/Pruebas/all/images/0029.jpg
Open /home/fran/Escritorio/Pruebas/all/images/0040.jpg
Open /home/fran/Escritorio/Pruebas/all/images/0041.jpg
Open /home/fran/Escritorio/Pruebas/all/images/0042.jpg
Open /home/fran/Escritorio/Pruebas/all/images/0043.jpg
Open /home/fran/Escritorio/Pruebas/all/images/0044.jpg
Open /home/fran/Escritorio/Pruebas/all/images/0045.jpg
Open /home/fran/Escritorio/Pruebas/all/images/0046.jpg
Open /home/fran/Escritorio/Pruebas/all/images/0047.jpg
Open /home/fran/Escritorio/Pruebas/all/images/0048.jpg
Open /home/fran/Escritorio/Pruebas/all/images/0049.jpg
Open /home/fran/Escritorio/Pruebas/all/images/0060.jpg
Open /home/fran/Escritorio/Pruebas/all/images/0061.jpg
Open /home/fran/Escritorio/Pruebas/all/images/0062.jpg
Open /home/fran/Escritorio/Pruebas/all/images/0063.jpg
Open /home/fran/Escritorio/Pruebas/all/images/0064.jpg
Open /home/fran/Escritorio/Pruebas/all/images/0065.jpg
Open /home/fran/Escritorio/Pruebas/all/images/0066.jpg
Open /home/fran/Escritorio/Pruebas/all/images/0067.jpg
Open /home/fran/Escritorio/Pruebas/all/images/0068.jpg
Open /home/fran/Escritorio/Pruebas/all/images/0069.jpg
[0.3 secs]
Generating pyramid level 2 models  [0.0 secs]
Pyramid level 3 reading 40 training images 
Open /home/fran/Escritorio/Pruebas/all/images/0000.jpg
Open /home/fran/Escritorio/Pruebas/all/images/0001.jpg
Open /home/fran/Escritorio/Pruebas/all/images/0002.jpg
Open /home/fran/Escritorio/Pruebas/all/images/0003.jpg
Open /home/fran/Escritorio/Pruebas/all/images/0004.jpg
Open /home/fran/Escritorio/Pruebas/all/images/0005.jpg
Open /home/fran/Escritorio/Pruebas/all/images/0006.jpg
Open /home/fran/Escritorio/Pruebas/all/images/0007.jpg
Open /home/fran/Escritorio/Pruebas/all/images/0008.jpg
Open /home/fran/Escritorio/Pruebas/all/images/0009.jpg
Open /home/fran/Escritorio/Pruebas/all/images/0020.jpg
Open /home/fran/Escritorio/Pruebas/all/images/0021.jpg
Open /home/fran/Escritorio/Pruebas/all/images/0022.jpg
Open /home/fran/Escritorio/Pruebas/all/images/0023.jpg
Open /home/fran/Escritorio/Pruebas/all/images/0024.jpg
Open /home/fran/Escritorio/Pruebas/all/images/0025.jpg
Open /home/fran/Escritorio/Pruebas/all/images/0026.jpg
Open /home/fran/Escritorio/Pruebas/all/images/0027.jpg
Open /home/fran/Escritorio/Pruebas/all/images/0028.jpg
Open /home/fran/Escritorio/Pruebas/all/images/0029.jpg
Open /home/fran/Escritorio/Pruebas/all/images/0040.jpg
Open /home/fran/Escritorio/Pruebas/all/images/0041.jpg
Open /home/fran/Escritorio/Pruebas/all/images/0042.jpg
Open /home/fran/Escritorio/Pruebas/all/images/0043.jpg
Open /home/fran/Escritorio/Pruebas/all/images/0044.jpg
Open /home/fran/Escritorio/Pruebas/all/images/0045.jpg
Open /home/fran/Escritorio/Pruebas/all/images/0046.jpg
Open /home/fran/Escritorio/Pruebas/all/images/0047.jpg
Open /home/fran/Escritorio/Pruebas/all/images/0048.jpg
Open /home/fran/Escritorio/Pruebas/all/images/0049.jpg
Open /home/fran/Escritorio/Pruebas/all/images/0060.jpg
Open /home/fran/Escritorio/Pruebas/all/images/0061.jpg
Open /home/fran/Escritorio/Pruebas/all/images/0062.jpg
Open /home/fran/Escritorio/Pruebas/all/images/0063.jpg
Open /home/fran/Escritorio/Pruebas/all/images/0064.jpg
Open /home/fran/Escritorio/Pruebas/all/images/0065.jpg
Open /home/fran/Escritorio/Pruebas/all/images/0066.jpg
Open /home/fran/Escritorio/Pruebas/all/images/0067.jpg
Open /home/fran/Escritorio/Pruebas/all/images/0068.jpg
Open /home/fran/Escritorio/Pruebas/all/images/0069.jpg
[0.2 secs]
Generating pyramid level 3 models  [0.0 secs]
[Total time 2.9 secs, 0% physical mem all processes, 0MB peak this process]
